Using pre-set license
Built from '2020.3/staging' branch; Version is '2020.3.13f1 (71691879b7f5) revision 7432472'; Using compiler version '192528614'; Build Type 'Release'
OS: 'Windows 10 Pro; OS build 19043.1237; Version 2009; 64bit' Language: 'ko' Physical Memory: 32676 MB
BatchMode: 1, IsHumanControllingUs: 0, StartBugReporterOnCrash: 0, Is64bit: 1, IsPro: 0

 COMMAND LINE ARGUMENTS:
E:\Unity\2020.3.13f1\Editor\Unity.exe
-adb2
-batchMode
-noUpm
-name
AssetImportWorker0
-projectPath
C:/UnityProject/MyOwn/SmallProject
-logFile
Logs/AssetImportWorker0.log
-srvPort
14271
Successfully changed project path to: C:/UnityProject/MyOwn/SmallProject
C:/UnityProject/MyOwn/SmallProject
Using Asset Import Pipeline V2.
Refreshing native plugins compatible for Editor in 22.31 ms, found 1 plugins.
Preloading 0 native plugins for Editor in 0.00 ms.
Initialize engine version: 2020.3.13f1 (71691879b7f5)
[Subsystems] Discovering subsystems at path E:/Unity/2020.3.13f1/Editor/Data/Resources/UnitySubsystems
[Subsystems] Discovering subsystems at path C:/UnityProject/MyOwn/SmallProject/Assets
GfxDevice: creating device client; threaded=0
Direct3D:
    Version:  Direct3D 11.0 [level 11.1]
    Renderer: NVIDIA GeForce GTX 1060 3GB (ID=0x1b84)
    Vendor:   
    VRAM:     2988 MB
    Driver:   27.21.14.5671
Initialize mono
Mono path[0] = 'E:/Unity/2020.3.13f1/Editor/Data/Managed'
Mono path[1] = 'E:/Unity/2020.3.13f1/Editor/Data/MonoBleedingEdge/lib/mono/unityjit'
Mono config path = 'E:/Unity/2020.3.13f1/Editor/Data/MonoBleedingEdge/etc'
Using monoOptions --debugger-agent=transport=dt_socket,embedding=1,server=y,suspend=n,address=127.0.0.1:56160
Begin MonoManager ReloadAssembly
Registering precompiled unity dll's ...
Register platform support module: E:/Unity/2020.3.13f1/Editor/Data/PlaybackEngines/WindowsStandaloneSupport/UnityEditor.WindowsStandalone.Extensions.dll
Registered in 0.000661 seconds.
Native extension for WindowsStandalone target not found
Refreshing native plugins compatible for Editor in 21.95 ms, found 1 plugins.
Preloading 0 native plugins for Editor in 0.00 ms.
Mono: successfully reloaded assembly
- Completed reload, in  1.220 seconds
Platform modules already initialized, skipping
Registering precompiled user dll's ...
Registered in 0.000623 seconds.
Begin MonoManager ReloadAssembly
Native extension for WindowsStandalone target not found
Refreshing native plugins compatible for Editor in 22.03 ms, found 1 plugins.
Preloading 0 native plugins for Editor in 0.00 ms.
Mono: successfully reloaded assembly
- Completed reload, in  0.560 seconds
Platform modules already initialized, skipping
========================================================================
Worker process is ready to serve import requests
Launched and connected shader compiler UnityShaderCompiler.exe after 0.03 seconds
Refreshing native plugins compatible for Editor in 0.29 ms, found 1 plugins.
Preloading 0 native plugins for Editor in 0.00 ms.
Unloading 1341 Unused Serialized files (Serialized files now loaded: 0)
System memory in use before: 74.4 MB.
System memory in use after: 74.3 MB.

Unloading 23 unused Assets to reduce memory usage. Loaded Objects now: 1783.
Total: 1.402500 ms (FindLiveObjects: 0.114000 ms CreateObjectMapping: 0.029700 ms MarkObjects: 1.168200 ms  DeleteObjects: 0.089900 ms)

AssetImportParameters requested are different than current active one (requested -> active):
  custom:framework-win-MediaFoundation: 216162199b28c13a410421893ffa2e32 -> 
  custom:video-decoder-ogg-theora: a1e56fd34408186e4bbccfd4996cb3dc -> 
  custom:container-muxer-webm: aa71ff27fc2769a1b78a27578f13a17b -> 
  custom:container-demuxer-webm: 4f35f7cbe854078d1ac9338744f61a02 -> 
  custom:container-demuxer-ogg: 62fdf1f143b41e24485cea50d1cbac27 -> 
  custom:video-encoder-webm-vp8: eb34c28f22e8b96e1ab97ce403110664 -> 
  custom:video-decoder-webm-vp8: 9c59270c3fd7afecdb556c50c9e8de78 -> 
  custom:audio-decoder-ogg-vorbis: bf7c407c2cedff20999df2af8eb42d56 -> 
  custom:audio-encoder-webm-vorbis: bf7c407c2cedff20999df2af8eb42d56 -> 
========================================================================
Received Import Request.
  path: Assets/Prefabs/Map
  artifactKey: Guid(8fc9e32c5f0f0b448bc927035f9aa499) Importer(815301076,1909f56bfc062723c751e8b465ee728b)
Start importing Assets/Prefabs/Map using Guid(8fc9e32c5f0f0b448bc927035f9aa499) Importer(815301076,1909f56bfc062723c751e8b465ee728b)  -> (artifact id: '45146cf596489118e51d97cd56cf7ef2') in 0.003354 seconds 
  Import took 0.005022 seconds .

========================================================================
Received Import Request.
  Time since last request: 0.112785 seconds.
  path: Assets/Prefabs/Maps
  artifactKey: Guid(8fc9e32c5f0f0b448bc927035f9aa499) Importer(815301076,1909f56bfc062723c751e8b465ee728b)
Start importing Assets/Prefabs/Maps using Guid(8fc9e32c5f0f0b448bc927035f9aa499) Importer(815301076,1909f56bfc062723c751e8b465ee728b)  -> (artifact id: 'e30a21e5e20ac3393acbb85e254bc3b4') in 0.001965 seconds 
  Import took 0.003727 seconds .

========================================================================
Received Import Request.
  Time since last request: 7.526480 seconds.
  path: Assets/Prefabs/Maps/DefaultMap.prefab
  artifactKey: Guid(4e3506238be97d04aaff150a97ed2447) Importer(815301076,1909f56bfc062723c751e8b465ee728b)
Start importing Assets/Prefabs/Maps/DefaultMap.prefab using Guid(4e3506238be97d04aaff150a97ed2447) Importer(815301076,1909f56bfc062723c751e8b465ee728b)  -> (artifact id: '4a42684ff02f3a253238e38239eb3b63') in 0.078166 seconds 
  Import took 0.080527 seconds .

========================================================================
Received Import Request.
  Time since last request: 1.306467 seconds.
  path: Assets/Prefabs/Maps/Map1.prefab
  artifactKey: Guid(443cd0689ccac41419003405c0c0539e) Importer(815301076,1909f56bfc062723c751e8b465ee728b)
Start importing Assets/Prefabs/Maps/Map1.prefab using Guid(443cd0689ccac41419003405c0c0539e) Importer(815301076,1909f56bfc062723c751e8b465ee728b)  -> (artifact id: 'df2d83ad0fd39f124029942f98c8c71c') in 0.012642 seconds 
  Import took 0.014589 seconds .

========================================================================
Received Import Request.
  Time since last request: 0.012628 seconds.
  path: Assets/Prefabs/Maps/Map1.prefab
  artifactKey: Guid(443cd0689ccac41419003405c0c0539e) Importer(815301076,1909f56bfc062723c751e8b465ee728b)
Start importing Assets/Prefabs/Maps/Map1.prefab using Guid(443cd0689ccac41419003405c0c0539e) Importer(815301076,1909f56bfc062723c751e8b465ee728b)  -> (artifact id: 'df2d83ad0fd39f124029942f98c8c71c') in 0.011370 seconds 
  Import took 0.013160 seconds .

========================================================================
Received Import Request.
  Time since last request: 1.065372 seconds.
  path: Assets/Prefabs/Maps/Map2.prefab
  artifactKey: Guid(c18c01e0339322c4a92ea12e902cf179) Importer(815301076,1909f56bfc062723c751e8b465ee728b)
Start importing Assets/Prefabs/Maps/Map2.prefab using Guid(c18c01e0339322c4a92ea12e902cf179) Importer(815301076,1909f56bfc062723c751e8b465ee728b)  -> (artifact id: '73345fbb14fcb1bdff73172209f285bf') in 0.009327 seconds 
  Import took 0.011270 seconds .

========================================================================
Received Import Request.
  Time since last request: 0.015869 seconds.
  path: Assets/Prefabs/Maps/Map2.prefab
  artifactKey: Guid(c18c01e0339322c4a92ea12e902cf179) Importer(815301076,1909f56bfc062723c751e8b465ee728b)
Start importing Assets/Prefabs/Maps/Map2.prefab using Guid(c18c01e0339322c4a92ea12e902cf179) Importer(815301076,1909f56bfc062723c751e8b465ee728b)  -> (artifact id: '73345fbb14fcb1bdff73172209f285bf') in 0.013119 seconds 
  Import took 0.015089 seconds .

========================================================================
Received Import Request.
  Time since last request: 0.970708 seconds.
  path: Assets/Prefabs/Maps/Map3.prefab
  artifactKey: Guid(3341fd75c1afac94980a721f38f7315c) Importer(815301076,1909f56bfc062723c751e8b465ee728b)
Start importing Assets/Prefabs/Maps/Map3.prefab using Guid(3341fd75c1afac94980a721f38f7315c) Importer(815301076,1909f56bfc062723c751e8b465ee728b)  -> (artifact id: '3e74ef5a371256fb9181df0ba6d796ba') in 0.009832 seconds 
  Import took 0.011873 seconds .

========================================================================
Received Import Request.
  Time since last request: 0.015175 seconds.
  path: Assets/Prefabs/Maps/Map3.prefab
  artifactKey: Guid(3341fd75c1afac94980a721f38f7315c) Importer(815301076,1909f56bfc062723c751e8b465ee728b)
Start importing Assets/Prefabs/Maps/Map3.prefab using Guid(3341fd75c1afac94980a721f38f7315c) Importer(815301076,1909f56bfc062723c751e8b465ee728b)  -> (artifact id: '3e74ef5a371256fb9181df0ba6d796ba') in 0.008193 seconds 
  Import took 0.010127 seconds .

========================================================================
Received Import Request.
  Time since last request: 1.130794 seconds.
  path: Assets/Prefabs/Maps/Map4.prefab
  artifactKey: Guid(8e923013671de224da44eb63fbf9883a) Importer(815301076,1909f56bfc062723c751e8b465ee728b)
Start importing Assets/Prefabs/Maps/Map4.prefab using Guid(8e923013671de224da44eb63fbf9883a) Importer(815301076,1909f56bfc062723c751e8b465ee728b)  -> (artifact id: '0c35fd75085cd8cb5e712817f5580879') in 0.013005 seconds 
  Import took 0.015308 seconds .

========================================================================
Received Import Request.
  Time since last request: 0.014151 seconds.
  path: Assets/Prefabs/Maps/Map4.prefab
  artifactKey: Guid(8e923013671de224da44eb63fbf9883a) Importer(815301076,1909f56bfc062723c751e8b465ee728b)
Start importing Assets/Prefabs/Maps/Map4.prefab using Guid(8e923013671de224da44eb63fbf9883a) Importer(815301076,1909f56bfc062723c751e8b465ee728b)  -> (artifact id: '0c35fd75085cd8cb5e712817f5580879') in 0.013419 seconds 
  Import took 0.015982 seconds .

========================================================================
Received Import Request.
  Time since last request: 1.257545 seconds.
  path: Assets/Prefabs/Maps/Map5.prefab
  artifactKey: Guid(263d80a4224443a4f9e87857d4b3dc0e) Importer(815301076,1909f56bfc062723c751e8b465ee728b)
Start importing Assets/Prefabs/Maps/Map5.prefab using Guid(263d80a4224443a4f9e87857d4b3dc0e) Importer(815301076,1909f56bfc062723c751e8b465ee728b)  -> (artifact id: '81e630becbc5b3aa78018c0c88e8a7ca') in 0.011582 seconds 
  Import took 0.013607 seconds .

========================================================================
Received Import Request.
  Time since last request: 0.014248 seconds.
  path: Assets/Prefabs/Maps/Map5.prefab
  artifactKey: Guid(263d80a4224443a4f9e87857d4b3dc0e) Importer(815301076,1909f56bfc062723c751e8b465ee728b)
Start importing Assets/Prefabs/Maps/Map5.prefab using Guid(263d80a4224443a4f9e87857d4b3dc0e) Importer(815301076,1909f56bfc062723c751e8b465ee728b)  -> (artifact id: '81e630becbc5b3aa78018c0c88e8a7ca') in 0.011543 seconds 
  Import took 0.013539 seconds .

